###############################################################
#  Generated by:      Cadence Innovus 18.10-p002_1
#  OS:                Linux x86_64(Host ID jane)
#  Generated on:      Fri Dec  1 18:59:43 2023
#  Design:            mm_M8_N14_N24
#  Command:           report_timing > timing.rpt
###############################################################
Path 1: MET Setup Check with Pin systolic_inst/row_counter[1].col_counter[3].pe_
inst/out_sum_reg_reg[14]/CLK 
Endpoint:   systolic_inst/row_counter[1].col_counter[3].pe_inst/out_sum_reg_
reg[14]/D (^) checked with  leading edge of 't_clk'
Beginpoint: systolic_inst/row_counter[1].col_counter[3].pe_inst/out_sum_reg_
reg[0]/Q  (v) triggered by  leading edge of 't_clk'
Path Groups: {t_clk}
Analysis View: analysis_default
Other End Arrival Time          0.754
- Setup                         3.755
+ Phase Shift                   5.000
+ CPPR Adjustment               0.000
= Required Time                 1.999
- Arrival Time                  1.994
= Slack Time                    0.006
     Clock Rise Edge                 0.000
     + Clock Network Latency (Prop)  1.030
     = Beginpoint Arrival Time       1.030
     +-----------------------------------------------------------------------------------------------------------+ 
     |                      Instance                      |     Arc      |   Cell   | Delay | Arrival | Required | 
     |                                                    |              |          |       |  Time   |   Time   | 
     |----------------------------------------------------+--------------+----------+-------+---------+----------| 
     | systolic_inst/row_counter[1].col_counter[3].pe_ins | CLK ^        |          |       |   1.030 |    1.035 | 
     | t/out_sum_reg_reg[0]                               |              |          |       |         |          | 
     | systolic_inst/row_counter[1].col_counter[3].pe_ins | CLK ^ -> Q v | DFFPOSX1 | 0.110 |   1.140 |    1.145 | 
     | t/out_sum_reg_reg[0]                               |              |          |       |         |          | 
     | systolic_inst/row_counter[1].col_counter[3].pe_ins | B v -> Y ^   | NAND3X1  | 0.057 |   1.196 |    1.202 | 
     | t/FE_RC_4855_0                                     |              |          |       |         |          | 
     | systolic_inst/row_counter[1].col_counter[3].pe_ins | B ^ -> Y v   | AOI21X1  | 0.036 |   1.232 |    1.238 | 
     | t/FE_RC_3388_0_dup                                 |              |          |       |         |          | 
     | systolic_inst/row_counter[1].col_counter[3].pe_ins | A v -> Y ^   | NAND2X1  | 0.046 |   1.278 |    1.284 | 
     | t/FE_RC_595_0                                      |              |          |       |         |          | 
     | systolic_inst/row_counter[1].col_counter[3].pe_ins | A ^ -> Y v   | NAND2X1  | 0.026 |   1.304 |    1.309 | 
     | t/FE_RC_3679_0                                     |              |          |       |         |          | 
     | systolic_inst/row_counter[1].col_counter[3].pe_ins | B v -> Y ^   | NAND2X1  | 0.026 |   1.330 |    1.335 | 
     | t/FE_RC_3678_0_dup                                 |              |          |       |         |          | 
     | systolic_inst/row_counter[1].col_counter[3].pe_ins | A ^ -> Y v   | NAND2X1  | 0.021 |   1.351 |    1.357 | 
     | t/FE_RC_620_0                                      |              |          |       |         |          | 
     | systolic_inst/row_counter[1].col_counter[3].pe_ins | B v -> Y ^   | NAND2X1  | 0.035 |   1.386 |    1.392 | 
     | t/FE_RC_619_0                                      |              |          |       |         |          | 
     | systolic_inst/row_counter[1].col_counter[3].pe_ins | B ^ -> Y v   | NAND2X1  | 0.033 |   1.419 |    1.424 | 
     | t/FE_RC_909_0                                      |              |          |       |         |          | 
     | systolic_inst/row_counter[1].col_counter[3].pe_ins | B v -> Y ^   | NAND2X1  | 0.026 |   1.445 |    1.450 | 
     | t/FE_RC_908_0_dup1                                 |              |          |       |         |          | 
     | systolic_inst/row_counter[1].col_counter[3].pe_ins | A ^ -> Y v   | NAND2X1  | 0.021 |   1.466 |    1.472 | 
     | t/FE_RC_4892_0                                     |              |          |       |         |          | 
     | systolic_inst/row_counter[1].col_counter[3].pe_ins | B v -> Y ^   | NAND2X1  | 0.027 |   1.493 |    1.499 | 
     | t/FE_RC_4891_0                                     |              |          |       |         |          | 
     | systolic_inst/row_counter[1].col_counter[3].pe_ins | B ^ -> Y v   | NAND2X1  | 0.025 |   1.518 |    1.524 | 
     | t/FE_RC_4867_0                                     |              |          |       |         |          | 
     | systolic_inst/row_counter[1].col_counter[3].pe_ins | B v -> Y ^   | NAND2X1  | 0.050 |   1.568 |    1.574 | 
     | t/FE_RC_859_0_dup                                  |              |          |       |         |          | 
     | systolic_inst/row_counter[1].col_counter[3].pe_ins | A ^ -> Y v   | NAND2X1  | 0.025 |   1.594 |    1.599 | 
     | t/FE_RC_4871_0                                     |              |          |       |         |          | 
     | systolic_inst/row_counter[1].col_counter[3].pe_ins | B v -> Y ^   | NAND2X1  | 0.033 |   1.626 |    1.632 | 
     | t/FE_RC_4870_0                                     |              |          |       |         |          | 
     | systolic_inst/row_counter[1].col_counter[3].pe_ins | B ^ -> Y v   | NAND2X1  | 0.026 |   1.652 |    1.658 | 
     | t/FE_RC_6715_0                                     |              |          |       |         |          | 
     | systolic_inst/row_counter[1].col_counter[3].pe_ins | B v -> Y ^   | NAND2X1  | 0.030 |   1.683 |    1.688 | 
     | t/FE_RC_6714_0                                     |              |          |       |         |          | 
     | systolic_inst/row_counter[1].col_counter[3].pe_ins | C ^ -> Y v   | NAND3X1  | 0.021 |   1.704 |    1.709 | 
     | t/FE_RC_4856_0                                     |              |          |       |         |          | 
     | systolic_inst/row_counter[1].col_counter[3].pe_ins | B v -> Y ^   | NAND2X1  | 0.038 |   1.742 |    1.748 | 
     | t/FE_RC_159_0_dup                                  |              |          |       |         |          | 
     | systolic_inst/row_counter[1].col_counter[3].pe_ins | B ^ -> Y v   | NAND2X1  | 0.026 |   1.768 |    1.773 | 
     | t/FE_RC_718_0_dup                                  |              |          |       |         |          | 
     | systolic_inst/row_counter[1].col_counter[3].pe_ins | A v -> Y ^   | NAND2X1  | 0.046 |   1.813 |    1.819 | 
     | t/FE_RC_4866_0                                     |              |          |       |         |          | 
     | systolic_inst/row_counter[1].col_counter[3].pe_ins | B ^ -> Y v   | NAND2X1  | 0.029 |   1.842 |    1.848 | 
     | t/FE_RC_4865_0                                     |              |          |       |         |          | 
     | systolic_inst/row_counter[1].col_counter[3].pe_ins | B v -> Y ^   | NAND2X1  | 0.027 |   1.869 |    1.875 | 
     | t/FE_RC_168_0_dup                                  |              |          |       |         |          | 
     | systolic_inst/row_counter[1].col_counter[3].pe_ins | A ^ -> Y v   | NAND2X1  | 0.025 |   1.894 |    1.900 | 
     | t/FE_RC_1650_0                                     |              |          |       |         |          | 
     | systolic_inst/row_counter[1].col_counter[3].pe_ins | C v -> Y ^   | OAI21X1  | 0.034 |   1.928 |    1.934 | 
     | t/FE_RC_1647_0_dup                                 |              |          |       |         |          | 
     | systolic_inst/row_counter[1].col_counter[3].pe_ins | A ^ -> Y v   | INVX2    | 0.023 |   1.951 |    1.957 | 
     | t/FE_RC_4924_0                                     |              |          |       |         |          | 
     | systolic_inst/row_counter[1].col_counter[3].pe_ins | D v -> Y ^   | AOI22X1  | 0.042 |   1.993 |    1.999 | 
     | t/FE_RC_4923_0                                     |              |          |       |         |          | 
     | systolic_inst/row_counter[1].col_counter[3].pe_ins | D ^          | DFFPOSX1 | 0.000 |   1.994 |    1.999 | 
     | t/out_sum_reg_reg[14]                              |              |          |       |         |          | 
     +-----------------------------------------------------------------------------------------------------------+ 

